    WARNING: The character ẞ (U+1e9e) exists in the entry for VK_OEM_4, ShiftState 'Shift+Ctl+Alt' of the layout table and is not in the default system code page (1252) of the German (Germany) language you specified. This may cause compatibility problems in non-Unicode applications.
    WARNING: @ (U+0040) is already defined more than once on the keyboard (on VK_OEM_5, ShiftState 'Base' and VK_Q, ShiftState 'Ctl+Alt').
    WARNING: / (U+002f) is already defined more than once on the keyboard (on VK_OEM_6, ShiftState 'Base' and VK_7, ShiftState 'Shift').
    WARNING: \ (U+005c) is already defined more than once on the keyboard (on VK_OEM_6, ShiftState 'Shift' and VK_OEM_4, ShiftState 'Ctl+Alt').
    WARNING: ? (U+003f) is already defined more than once on the keyboard (on VK_OEM_7, ShiftState 'Base' and VK_OEM_4, ShiftState 'Shift').
    WARNING: 'ä' defined on OEM_102 (Base) but not defined elsewhere. This key may not be present on all keyboards.
    WARNING: 'Ä' defined on OEM_102 (Shift) but not defined elsewhere. This key may not be present on all keyboards.
    WARNING: '|' defined on OEM_102 (Ctl+Alt) but not defined elsewhere. This key may not be present on all keyboards.
    WARNING: Caps Lock is set between '0' and '=' (VK_0, ShiftStates 'Base' and 'Shift').
    WARNING: Caps Lock is set between '1' and '!' (VK_1, ShiftStates 'Base' and 'Shift').
    WARNING: Caps Lock is set between '2' and '"' (VK_2, ShiftStates 'Base' and 'Shift').
    WARNING: Caps Lock is set between '3' and '§' (VK_3, ShiftStates 'Base' and 'Shift').
    WARNING: Caps Lock is set between '4' and '$' (VK_4, ShiftStates 'Base' and 'Shift').
    WARNING: Caps Lock is set between '5' and '%' (VK_5, ShiftStates 'Base' and 'Shift').
    WARNING: Caps Lock is set between '6' and '&' (VK_6, ShiftStates 'Base' and 'Shift').
    WARNING: Caps Lock is set between '7' and '/' (VK_7, ShiftStates 'Base' and 'Shift').
    WARNING: Caps Lock is set between '8' and '(' (VK_8, ShiftStates 'Base' and 'Shift').
    WARNING: Caps Lock is set between '9' and ')' (VK_9, ShiftStates 'Base' and 'Shift').
    WARNING: Caps Lock is set between '.' and ':' (VK_E, ShiftStates 'Base' and 'Shift').
    WARNING: Caps Lock is set between ',' and ';' (VK_W, ShiftStates 'Base' and 'Shift').
    WARNING: Caps Lock is set between '#' and ''' (VK_OEM_1, ShiftStates 'Base' and 'Shift').
    WARNING: Caps Lock is set between '<' and '>' (VK_OEM_PLUS, ShiftStates 'Base' and 'Shift').
    WARNING: Caps Lock is not set between 'z' and 'Z' (VK_OEM_MINUS, ShiftStates 'Base' and 'Shift').
    WARNING: Caps Lock is set between '-' and '_' (VK_OEM_2, ShiftStates 'Base' and 'Shift').
    WARNING: Caps Lock is set between '+' and '?' (VK_OEM_4, ShiftStates 'Base' and 'Shift').
    WARNING: Caps Lock is set between '?' and 'ß' (VK_OEM_7, ShiftStates 'Base' and 'Shift').
    WARNING: Caps Lock is not set between 'ä' and 'Ä' (VK_OEM_102, ShiftStates 'Base' and 'Shift').
